{"failedCount":1,"prefixedPath":"src\/test\/java\/com\/tests\/RunUIAutomationScriptInChrome.feature","packageQualifiedName":"src.test.java.com.tests.RunUIAutomationScriptInChrome","loopIndex":-1,"relativePath":"src\/test\/java\/com\/tests\/RunUIAutomationScriptInChrome.feature","scenarioResults":[{"sectionIndex":0,"stepResults":[{"result":{"nanos":0,"errorMessage":">> src\/test\/java\/com\/tests\/RunUIAutomationScriptInChrome.feature:13\n>> karate-config.js failed\n>> js failed:\n>>>>\n01: ()\n<<<<\norg.graalvm.polyglot.PolyglotException: SyntaxError: Unnamed:1:2 Expected => but found eof\r\n()\r\n  ^\n\n- org.graalvm.polyglot.Context.eval(Context.java:425)\n- com.intuit.karate.graal.JsEngine.evalForValue(JsEngine.java:169)\n- com.intuit.karate.graal.JsEngine.eval(JsEngine.java:165)\n- com.intuit.karate.core.ScenarioEngine.evalJs(ScenarioEngine.java:1286)\n- com.intuit.karate.core.ScenarioRuntime.evalConfigJs(ScenarioRuntime.java:296)\n- com.intuit.karate.core.ScenarioRuntime.beforeRun(ScenarioRuntime.java:371)\n- com.intuit.karate.core.ScenarioRuntime.run(ScenarioRuntime.java:390)\n\njs failed:\n>>>>\n<<<<\ncom.intuit.karate.KarateException: js failed:\n>>>>\n01: ()\n<<<<\norg.graalvm.polyglot.PolyglotException: SyntaxError: Unnamed:1:2 Expected => but found eof\r\n()\r\n  ^\n\n- org.graalvm.polyglot.Context.eval(Context.java:425)\n- com.intuit.karate.graal.JsEngine.evalForValue(JsEngine.java:169)\n- com.intuit.karate.graal.JsEngine.eval(JsEngine.java:165)\n- com.intuit.karate.core.ScenarioEngine.evalJs(ScenarioEngine.java:1286)\n- com.intuit.karate.core.ScenarioRuntime.evalConfigJs(ScenarioRuntime.java:296)\n- com.intuit.karate.core.ScenarioRuntime.beforeRun(ScenarioRuntime.java:371)\n- com.intuit.karate.core.ScenarioRuntime.run(ScenarioRuntime.java:390)\n\n- com.intuit.karate.graal.JsEngine.fromJsEvalException(JsEngine.java:253)\n- com.intuit.karate.core.ScenarioEngine.evalJs(ScenarioEngine.java:1288)\n- com.intuit.karate.core.ScenarioRuntime.evalConfigJs(ScenarioRuntime.java:296)\n- com.intuit.karate.core.ScenarioRuntime.beforeRun(ScenarioRuntime.java:371)\n- com.intuit.karate.core.ScenarioRuntime.run(ScenarioRuntime.java:390)\n- com.intuit.karate.core.FeatureRuntime.processScenario(FeatureRuntime.java:193)\n- java.base\/java.util.stream.ReferencePipeline$2$1.accept(ReferencePipeline.java:179)\n\nsrc\/test\/java\/com\/tests\/RunUIAutomationScriptInChrome.feature:6","startTime":1710606898958,"endTime":1710606898958,"millis":0.0,"status":"failed"},"step":{"comments":["#To use native chrome use below line. It will be picked up from default chrome","#installation location"],"background":true,"line":6,"prefix":"*","index":0,"text":"configure driver = { type: 'chrome'}"},"stepLog":"22:04:58.960 src\/test\/java\/com\/tests\/RunUIAutomationScriptInChrome.feature:6\n* configure driver = { type: 'chrome'}\n>> src\/test\/java\/com\/tests\/RunUIAutomationScriptInChrome.feature:13\n>> karate-config.js failed\n>> js failed:\n>>>>\n01: ()\n<<<<\norg.graalvm.polyglot.PolyglotException: SyntaxError: Unnamed:1:2 Expected => but found eof\r\n()\r\n  ^\n\n- org.graalvm.polyglot.Context.eval(Context.java:425)\n- com.intuit.karate.graal.JsEngine.evalForValue(JsEngine.java:169)\n- com.intuit.karate.graal.JsEngine.eval(JsEngine.java:165)\n- com.intuit.karate.core.ScenarioEngine.evalJs(ScenarioEngine.java:1286)\n- com.intuit.karate.core.ScenarioRuntime.evalConfigJs(ScenarioRuntime.java:296)\n- com.intuit.karate.core.ScenarioRuntime.beforeRun(ScenarioRuntime.java:371)\n- com.intuit.karate.core.ScenarioRuntime.run(ScenarioRuntime.java:390)\n\njs failed:\n>>>>\n<<<<\ncom.intuit.karate.KarateException: js failed:\n>>>>\n01: ()\n<<<<\norg.graalvm.polyglot.PolyglotException: SyntaxError: Unnamed:1:2 Expected => but found eof\r\n()\r\n  ^\n\n- org.graalvm.polyglot.Context.eval(Context.java:425)\n- com.intuit.karate.graal.JsEngine.evalForValue(JsEngine.java:169)\n- com.intuit.karate.graal.JsEngine.eval(JsEngine.java:165)\n- com.intuit.karate.core.ScenarioEngine.evalJs(ScenarioEngine.java:1286)\n- com.intuit.karate.core.ScenarioRuntime.evalConfigJs(ScenarioRuntime.java:296)\n- com.intuit.karate.core.ScenarioRuntime.beforeRun(ScenarioRuntime.java:371)\n- com.intuit.karate.core.ScenarioRuntime.run(ScenarioRuntime.java:390)\n\n- com.intuit.karate.graal.JsEngine.fromJsEvalException(JsEngine.java:253)\n- com.intuit.karate.core.ScenarioEngine.evalJs(ScenarioEngine.java:1288)\n- com.intuit.karate.core.ScenarioRuntime.evalConfigJs(ScenarioRuntime.java:296)\n- com.intuit.karate.core.ScenarioRuntime.beforeRun(ScenarioRuntime.java:371)\n- com.intuit.karate.core.ScenarioRuntime.run(ScenarioRuntime.java:390)\n- com.intuit.karate.core.FeatureRuntime.processScenario(FeatureRuntime.java:193)\n- java.base\/java.util.stream.ReferencePipeline$2$1.accept(ReferencePipeline.java:179)\n\nsrc\/test\/java\/com\/tests\/RunUIAutomationScriptInChrome.feature:6\n"},{"result":{"nanos":0,"errorMessage":">> src\/test\/java\/com\/tests\/RunUIAutomationScriptInChrome.feature:13\n>> karate-config.js failed\n>> js failed:\n>>>>\n01: ()\n<<<<\norg.graalvm.polyglot.PolyglotException: SyntaxError: Unnamed:1:2 Expected => but found eof\r\n()\r\n  ^\n\n- org.graalvm.polyglot.Context.eval(Context.java:425)\n- com.intuit.karate.graal.JsEngine.evalForValue(JsEngine.java:169)\n- com.intuit.karate.graal.JsEngine.eval(JsEngine.java:165)\n- com.intuit.karate.core.ScenarioEngine.evalJs(ScenarioEngine.java:1286)\n- com.intuit.karate.core.ScenarioRuntime.evalConfigJs(ScenarioRuntime.java:296)\n- com.intuit.karate.core.ScenarioRuntime.beforeRun(ScenarioRuntime.java:371)\n- com.intuit.karate.core.ScenarioRuntime.run(ScenarioRuntime.java:390)\n\njs failed:\n>>>>\n<<<<\ncom.intuit.karate.KarateException: js failed:\n>>>>\n01: ()\n<<<<\norg.graalvm.polyglot.PolyglotException: SyntaxError: Unnamed:1:2 Expected => but found eof\r\n()\r\n  ^\n\n- org.graalvm.polyglot.Context.eval(Context.java:425)\n- com.intuit.karate.graal.JsEngine.evalForValue(JsEngine.java:169)\n- com.intuit.karate.graal.JsEngine.eval(JsEngine.java:165)\n- com.intuit.karate.core.ScenarioEngine.evalJs(ScenarioEngine.java:1286)\n- com.intuit.karate.core.ScenarioRuntime.evalConfigJs(ScenarioRuntime.java:296)\n- com.intuit.karate.core.ScenarioRuntime.beforeRun(ScenarioRuntime.java:371)\n- com.intuit.karate.core.ScenarioRuntime.run(ScenarioRuntime.java:390)\n\n- com.intuit.karate.graal.JsEngine.fromJsEvalException(JsEngine.java:253)\n- com.intuit.karate.core.ScenarioEngine.evalJs(ScenarioEngine.java:1288)\n- com.intuit.karate.core.ScenarioRuntime.evalConfigJs(ScenarioRuntime.java:296)\n- com.intuit.karate.core.ScenarioRuntime.beforeRun(ScenarioRuntime.java:371)\n- com.intuit.karate.core.ScenarioRuntime.run(ScenarioRuntime.java:390)\n- com.intuit.karate.core.FeatureRuntime.processScenario(FeatureRuntime.java:193)\n- java.base\/java.util.stream.ReferencePipeline$2$1.accept(ReferencePipeline.java:179)\n\nsrc\/test\/java\/com\/tests\/RunUIAutomationScriptInChrome.feature:6\nsrc\/test\/java\/com\/tests\/RunUIAutomationScriptInChrome.feature:14","startTime":1710606898961,"endTime":1710606898961,"millis":0.0,"status":"failed"},"step":{"line":14,"prefix":"Given","index":0,"text":"driver 'https:\/\/www.saucedemo.com\/'"},"stepLog":"22:04:58.961 src\/test\/java\/com\/tests\/RunUIAutomationScriptInChrome.feature:14\nGiven driver 'https:\/\/www.saucedemo.com\/'\n>> src\/test\/java\/com\/tests\/RunUIAutomationScriptInChrome.feature:13\n>> karate-config.js failed\n>> js failed:\n>>>>\n01: ()\n<<<<\norg.graalvm.polyglot.PolyglotException: SyntaxError: Unnamed:1:2 Expected => but found eof\r\n()\r\n  ^\n\n- org.graalvm.polyglot.Context.eval(Context.java:425)\n- com.intuit.karate.graal.JsEngine.evalForValue(JsEngine.java:169)\n- com.intuit.karate.graal.JsEngine.eval(JsEngine.java:165)\n- com.intuit.karate.core.ScenarioEngine.evalJs(ScenarioEngine.java:1286)\n- com.intuit.karate.core.ScenarioRuntime.evalConfigJs(ScenarioRuntime.java:296)\n- com.intuit.karate.core.ScenarioRuntime.beforeRun(ScenarioRuntime.java:371)\n- com.intuit.karate.core.ScenarioRuntime.run(ScenarioRuntime.java:390)\n\njs failed:\n>>>>\n<<<<\ncom.intuit.karate.KarateException: js failed:\n>>>>\n01: ()\n<<<<\norg.graalvm.polyglot.PolyglotException: SyntaxError: Unnamed:1:2 Expected => but found eof\r\n()\r\n  ^\n\n- org.graalvm.polyglot.Context.eval(Context.java:425)\n- com.intuit.karate.graal.JsEngine.evalForValue(JsEngine.java:169)\n- com.intuit.karate.graal.JsEngine.eval(JsEngine.java:165)\n- com.intuit.karate.core.ScenarioEngine.evalJs(ScenarioEngine.java:1286)\n- com.intuit.karate.core.ScenarioRuntime.evalConfigJs(ScenarioRuntime.java:296)\n- com.intuit.karate.core.ScenarioRuntime.beforeRun(ScenarioRuntime.java:371)\n- com.intuit.karate.core.ScenarioRuntime.run(ScenarioRuntime.java:390)\n\n- com.intuit.karate.graal.JsEngine.fromJsEvalException(JsEngine.java:253)\n- com.intuit.karate.core.ScenarioEngine.evalJs(ScenarioEngine.java:1288)\n- com.intuit.karate.core.ScenarioRuntime.evalConfigJs(ScenarioRuntime.java:296)\n- com.intuit.karate.core.ScenarioRuntime.beforeRun(ScenarioRuntime.java:371)\n- com.intuit.karate.core.ScenarioRuntime.run(ScenarioRuntime.java:390)\n- com.intuit.karate.core.FeatureRuntime.processScenario(FeatureRuntime.java:193)\n- java.base\/java.util.stream.ReferencePipeline$2$1.accept(ReferencePipeline.java:179)\n\nsrc\/test\/java\/com\/tests\/RunUIAutomationScriptInChrome.feature:6\nsrc\/test\/java\/com\/tests\/RunUIAutomationScriptInChrome.feature:14\n"}],"line":13,"description":"","durationMillis":0.0,"failed":true,"error":">> src\/test\/java\/com\/tests\/RunUIAutomationScriptInChrome.feature:13\n>> karate-config.js failed\n>> js failed:\n>>>>\n01: ()\n<<<<\norg.graalvm.polyglot.PolyglotException: SyntaxError: Unnamed:1:2 Expected => but found eof\r\n()\r\n  ^\n\n- org.graalvm.polyglot.Context.eval(Context.java:425)\n- com.intuit.karate.graal.JsEngine.evalForValue(JsEngine.java:169)\n- com.intuit.karate.graal.JsEngine.eval(JsEngine.java:165)\n- com.intuit.karate.core.ScenarioEngine.evalJs(ScenarioEngine.java:1286)\n- com.intuit.karate.core.ScenarioRuntime.evalConfigJs(ScenarioRuntime.java:296)\n- com.intuit.karate.core.ScenarioRuntime.beforeRun(ScenarioRuntime.java:371)\n- com.intuit.karate.core.ScenarioRuntime.run(ScenarioRuntime.java:390)\n\njs failed:\n>>>>\n<<<<\ncom.intuit.karate.KarateException: js failed:\n>>>>\n01: ()\n<<<<\norg.graalvm.polyglot.PolyglotException: SyntaxError: Unnamed:1:2 Expected => but found eof\r\n()\r\n  ^\n\n- org.graalvm.polyglot.Context.eval(Context.java:425)\n- com.intuit.karate.graal.JsEngine.evalForValue(JsEngine.java:169)\n- com.intuit.karate.graal.JsEngine.eval(JsEngine.java:165)\n- com.intuit.karate.core.ScenarioEngine.evalJs(ScenarioEngine.java:1286)\n- com.intuit.karate.core.ScenarioRuntime.evalConfigJs(ScenarioRuntime.java:296)\n- com.intuit.karate.core.ScenarioRuntime.beforeRun(ScenarioRuntime.java:371)\n- com.intuit.karate.core.ScenarioRuntime.run(ScenarioRuntime.java:390)\n\n- com.intuit.karate.graal.JsEngine.fromJsEvalException(JsEngine.java:253)\n- com.intuit.karate.core.ScenarioEngine.evalJs(ScenarioEngine.java:1288)\n- com.intuit.karate.core.ScenarioRuntime.evalConfigJs(ScenarioRuntime.java:296)\n- com.intuit.karate.core.ScenarioRuntime.beforeRun(ScenarioRuntime.java:371)\n- com.intuit.karate.core.ScenarioRuntime.run(ScenarioRuntime.java:390)\n- com.intuit.karate.core.FeatureRuntime.processScenario(FeatureRuntime.java:193)\n- java.base\/java.util.stream.ReferencePipeline$2$1.accept(ReferencePipeline.java:179)\n\nsrc\/test\/java\/com\/tests\/RunUIAutomationScriptInChrome.feature:6\nsrc\/test\/java\/com\/tests\/RunUIAutomationScriptInChrome.feature:14","executorName":"main","name":"Open Swag Labs login page in Chrome Scenario","startTime":1710606898906,"refId":"[1:13]","endTime":1710606898961,"exampleIndex":-1}],"callDepth":0,"name":"Open Swag Labs login page in Chrome Feature","description":"","resultDate":"2024-03-16 10:04:58 pm","durationMillis":0.0,"passedCount":0}