{"failedCount":1,"prefixedPath":"src\/test\/java\/com\/tests\/RunUIAutomationScriptInChrome.feature","packageQualifiedName":"src.test.java.com.tests.RunUIAutomationScriptInChrome","loopIndex":-1,"relativePath":"src\/test\/java\/com\/tests\/RunUIAutomationScriptInChrome.feature","scenarioResults":[{"sectionIndex":0,"stepResults":[{"result":{"nanos":0,"errorMessage":">> src\/test\/java\/com\/tests\/RunUIAutomationScriptInChrome.feature:11\n>> karate-config.js failed\n>> js failed:\n>>>>\n01: ()\n<<<<\norg.graalvm.polyglot.PolyglotException: SyntaxError: Unnamed:1:2 Expected => but found eof\r\n()\r\n  ^\n\n- org.graalvm.polyglot.Context.eval(Context.java:425)\n- com.intuit.karate.graal.JsEngine.evalForValue(JsEngine.java:169)\n- com.intuit.karate.graal.JsEngine.eval(JsEngine.java:165)\n- com.intuit.karate.core.ScenarioEngine.evalJs(ScenarioEngine.java:1286)\n- com.intuit.karate.core.ScenarioRuntime.evalConfigJs(ScenarioRuntime.java:296)\n- com.intuit.karate.core.ScenarioRuntime.beforeRun(ScenarioRuntime.java:371)\n- com.intuit.karate.core.ScenarioRuntime.run(ScenarioRuntime.java:390)\n\njs failed:\n>>>>\n<<<<\ncom.intuit.karate.KarateException: js failed:\n>>>>\n01: ()\n<<<<\norg.graalvm.polyglot.PolyglotException: SyntaxError: Unnamed:1:2 Expected => but found eof\r\n()\r\n  ^\n\n- org.graalvm.polyglot.Context.eval(Context.java:425)\n- com.intuit.karate.graal.JsEngine.evalForValue(JsEngine.java:169)\n- com.intuit.karate.graal.JsEngine.eval(JsEngine.java:165)\n- com.intuit.karate.core.ScenarioEngine.evalJs(ScenarioEngine.java:1286)\n- com.intuit.karate.core.ScenarioRuntime.evalConfigJs(ScenarioRuntime.java:296)\n- com.intuit.karate.core.ScenarioRuntime.beforeRun(ScenarioRuntime.java:371)\n- com.intuit.karate.core.ScenarioRuntime.run(ScenarioRuntime.java:390)\n\n- com.intuit.karate.graal.JsEngine.fromJsEvalException(JsEngine.java:253)\n- com.intuit.karate.core.ScenarioEngine.evalJs(ScenarioEngine.java:1288)\n- com.intuit.karate.core.ScenarioRuntime.evalConfigJs(ScenarioRuntime.java:296)\n- com.intuit.karate.core.ScenarioRuntime.beforeRun(ScenarioRuntime.java:371)\n- com.intuit.karate.core.ScenarioRuntime.run(ScenarioRuntime.java:390)\n- com.intuit.karate.core.FeatureRuntime.processScenario(FeatureRuntime.java:193)\n- java.base\/java.util.stream.ReferencePipeline$2$1.accept(ReferencePipeline.java:179)\n\nsrc\/test\/java\/com\/tests\/RunUIAutomationScriptInChrome.feature:10","startTime":1710606835768,"endTime":1710606835768,"millis":0.0,"status":"failed"},"step":{"comments":["#To use native chrome use below line. It will be picked up from default chrome","#installation location","#* configure driver = { type: 'chrome'}","#To use chromedriver with full-path used 122 chromedriver vesion","#* configure driver = { type: 'chromedriver', executable: 'C:\/Users\/akhil\/eclipse-workspace\/KarateUIAutomation\/src\/test\/java\/BrowserDrivers\/chromedriver.exe'}","#To use chrome driver added in System path variable"],"background":true,"line":10,"prefix":"*","index":0,"text":"configure driver = { type: 'chromedriver', executable: 'chromedriver' }"},"stepLog":"22:03:55.772 src\/test\/java\/com\/tests\/RunUIAutomationScriptInChrome.feature:10\n* configure driver = { type: 'chromedriver', executable: 'chromedriver' }\n>> src\/test\/java\/com\/tests\/RunUIAutomationScriptInChrome.feature:11\n>> karate-config.js failed\n>> js failed:\n>>>>\n01: ()\n<<<<\norg.graalvm.polyglot.PolyglotException: SyntaxError: Unnamed:1:2 Expected => but found eof\r\n()\r\n  ^\n\n- org.graalvm.polyglot.Context.eval(Context.java:425)\n- com.intuit.karate.graal.JsEngine.evalForValue(JsEngine.java:169)\n- com.intuit.karate.graal.JsEngine.eval(JsEngine.java:165)\n- com.intuit.karate.core.ScenarioEngine.evalJs(ScenarioEngine.java:1286)\n- com.intuit.karate.core.ScenarioRuntime.evalConfigJs(ScenarioRuntime.java:296)\n- com.intuit.karate.core.ScenarioRuntime.beforeRun(ScenarioRuntime.java:371)\n- com.intuit.karate.core.ScenarioRuntime.run(ScenarioRuntime.java:390)\n\njs failed:\n>>>>\n<<<<\ncom.intuit.karate.KarateException: js failed:\n>>>>\n01: ()\n<<<<\norg.graalvm.polyglot.PolyglotException: SyntaxError: Unnamed:1:2 Expected => but found eof\r\n()\r\n  ^\n\n- org.graalvm.polyglot.Context.eval(Context.java:425)\n- com.intuit.karate.graal.JsEngine.evalForValue(JsEngine.java:169)\n- com.intuit.karate.graal.JsEngine.eval(JsEngine.java:165)\n- com.intuit.karate.core.ScenarioEngine.evalJs(ScenarioEngine.java:1286)\n- com.intuit.karate.core.ScenarioRuntime.evalConfigJs(ScenarioRuntime.java:296)\n- com.intuit.karate.core.ScenarioRuntime.beforeRun(ScenarioRuntime.java:371)\n- com.intuit.karate.core.ScenarioRuntime.run(ScenarioRuntime.java:390)\n\n- com.intuit.karate.graal.JsEngine.fromJsEvalException(JsEngine.java:253)\n- com.intuit.karate.core.ScenarioEngine.evalJs(ScenarioEngine.java:1288)\n- com.intuit.karate.core.ScenarioRuntime.evalConfigJs(ScenarioRuntime.java:296)\n- com.intuit.karate.core.ScenarioRuntime.beforeRun(ScenarioRuntime.java:371)\n- com.intuit.karate.core.ScenarioRuntime.run(ScenarioRuntime.java:390)\n- com.intuit.karate.core.FeatureRuntime.processScenario(FeatureRuntime.java:193)\n- java.base\/java.util.stream.ReferencePipeline$2$1.accept(ReferencePipeline.java:179)\n\nsrc\/test\/java\/com\/tests\/RunUIAutomationScriptInChrome.feature:10\n"},{"result":{"nanos":0,"errorMessage":">> src\/test\/java\/com\/tests\/RunUIAutomationScriptInChrome.feature:11\n>> karate-config.js failed\n>> js failed:\n>>>>\n01: ()\n<<<<\norg.graalvm.polyglot.PolyglotException: SyntaxError: Unnamed:1:2 Expected => but found eof\r\n()\r\n  ^\n\n- org.graalvm.polyglot.Context.eval(Context.java:425)\n- com.intuit.karate.graal.JsEngine.evalForValue(JsEngine.java:169)\n- com.intuit.karate.graal.JsEngine.eval(JsEngine.java:165)\n- com.intuit.karate.core.ScenarioEngine.evalJs(ScenarioEngine.java:1286)\n- com.intuit.karate.core.ScenarioRuntime.evalConfigJs(ScenarioRuntime.java:296)\n- com.intuit.karate.core.ScenarioRuntime.beforeRun(ScenarioRuntime.java:371)\n- com.intuit.karate.core.ScenarioRuntime.run(ScenarioRuntime.java:390)\n\njs failed:\n>>>>\n<<<<\ncom.intuit.karate.KarateException: js failed:\n>>>>\n01: ()\n<<<<\norg.graalvm.polyglot.PolyglotException: SyntaxError: Unnamed:1:2 Expected => but found eof\r\n()\r\n  ^\n\n- org.graalvm.polyglot.Context.eval(Context.java:425)\n- com.intuit.karate.graal.JsEngine.evalForValue(JsEngine.java:169)\n- com.intuit.karate.graal.JsEngine.eval(JsEngine.java:165)\n- com.intuit.karate.core.ScenarioEngine.evalJs(ScenarioEngine.java:1286)\n- com.intuit.karate.core.ScenarioRuntime.evalConfigJs(ScenarioRuntime.java:296)\n- com.intuit.karate.core.ScenarioRuntime.beforeRun(ScenarioRuntime.java:371)\n- com.intuit.karate.core.ScenarioRuntime.run(ScenarioRuntime.java:390)\n\n- com.intuit.karate.graal.JsEngine.fromJsEvalException(JsEngine.java:253)\n- com.intuit.karate.core.ScenarioEngine.evalJs(ScenarioEngine.java:1288)\n- com.intuit.karate.core.ScenarioRuntime.evalConfigJs(ScenarioRuntime.java:296)\n- com.intuit.karate.core.ScenarioRuntime.beforeRun(ScenarioRuntime.java:371)\n- com.intuit.karate.core.ScenarioRuntime.run(ScenarioRuntime.java:390)\n- com.intuit.karate.core.FeatureRuntime.processScenario(FeatureRuntime.java:193)\n- java.base\/java.util.stream.ReferencePipeline$2$1.accept(ReferencePipeline.java:179)\n\nsrc\/test\/java\/com\/tests\/RunUIAutomationScriptInChrome.feature:10\nsrc\/test\/java\/com\/tests\/RunUIAutomationScriptInChrome.feature:12","startTime":1710606835772,"endTime":1710606835772,"millis":0.0,"status":"failed"},"step":{"line":12,"prefix":"Given","index":0,"text":"driver 'https:\/\/www.saucedemo.com\/'"},"stepLog":"22:03:55.773 src\/test\/java\/com\/tests\/RunUIAutomationScriptInChrome.feature:12\nGiven driver 'https:\/\/www.saucedemo.com\/'\n>> src\/test\/java\/com\/tests\/RunUIAutomationScriptInChrome.feature:11\n>> karate-config.js failed\n>> js failed:\n>>>>\n01: ()\n<<<<\norg.graalvm.polyglot.PolyglotException: SyntaxError: Unnamed:1:2 Expected => but found eof\r\n()\r\n  ^\n\n- org.graalvm.polyglot.Context.eval(Context.java:425)\n- com.intuit.karate.graal.JsEngine.evalForValue(JsEngine.java:169)\n- com.intuit.karate.graal.JsEngine.eval(JsEngine.java:165)\n- com.intuit.karate.core.ScenarioEngine.evalJs(ScenarioEngine.java:1286)\n- com.intuit.karate.core.ScenarioRuntime.evalConfigJs(ScenarioRuntime.java:296)\n- com.intuit.karate.core.ScenarioRuntime.beforeRun(ScenarioRuntime.java:371)\n- com.intuit.karate.core.ScenarioRuntime.run(ScenarioRuntime.java:390)\n\njs failed:\n>>>>\n<<<<\ncom.intuit.karate.KarateException: js failed:\n>>>>\n01: ()\n<<<<\norg.graalvm.polyglot.PolyglotException: SyntaxError: Unnamed:1:2 Expected => but found eof\r\n()\r\n  ^\n\n- org.graalvm.polyglot.Context.eval(Context.java:425)\n- com.intuit.karate.graal.JsEngine.evalForValue(JsEngine.java:169)\n- com.intuit.karate.graal.JsEngine.eval(JsEngine.java:165)\n- com.intuit.karate.core.ScenarioEngine.evalJs(ScenarioEngine.java:1286)\n- com.intuit.karate.core.ScenarioRuntime.evalConfigJs(ScenarioRuntime.java:296)\n- com.intuit.karate.core.ScenarioRuntime.beforeRun(ScenarioRuntime.java:371)\n- com.intuit.karate.core.ScenarioRuntime.run(ScenarioRuntime.java:390)\n\n- com.intuit.karate.graal.JsEngine.fromJsEvalException(JsEngine.java:253)\n- com.intuit.karate.core.ScenarioEngine.evalJs(ScenarioEngine.java:1288)\n- com.intuit.karate.core.ScenarioRuntime.evalConfigJs(ScenarioRuntime.java:296)\n- com.intuit.karate.core.ScenarioRuntime.beforeRun(ScenarioRuntime.java:371)\n- com.intuit.karate.core.ScenarioRuntime.run(ScenarioRuntime.java:390)\n- com.intuit.karate.core.FeatureRuntime.processScenario(FeatureRuntime.java:193)\n- java.base\/java.util.stream.ReferencePipeline$2$1.accept(ReferencePipeline.java:179)\n\nsrc\/test\/java\/com\/tests\/RunUIAutomationScriptInChrome.feature:10\nsrc\/test\/java\/com\/tests\/RunUIAutomationScriptInChrome.feature:12\n"}],"line":11,"description":"","durationMillis":0.0,"failed":true,"error":">> src\/test\/java\/com\/tests\/RunUIAutomationScriptInChrome.feature:11\n>> karate-config.js failed\n>> js failed:\n>>>>\n01: ()\n<<<<\norg.graalvm.polyglot.PolyglotException: SyntaxError: Unnamed:1:2 Expected => but found eof\r\n()\r\n  ^\n\n- org.graalvm.polyglot.Context.eval(Context.java:425)\n- com.intuit.karate.graal.JsEngine.evalForValue(JsEngine.java:169)\n- com.intuit.karate.graal.JsEngine.eval(JsEngine.java:165)\n- com.intuit.karate.core.ScenarioEngine.evalJs(ScenarioEngine.java:1286)\n- com.intuit.karate.core.ScenarioRuntime.evalConfigJs(ScenarioRuntime.java:296)\n- com.intuit.karate.core.ScenarioRuntime.beforeRun(ScenarioRuntime.java:371)\n- com.intuit.karate.core.ScenarioRuntime.run(ScenarioRuntime.java:390)\n\njs failed:\n>>>>\n<<<<\ncom.intuit.karate.KarateException: js failed:\n>>>>\n01: ()\n<<<<\norg.graalvm.polyglot.PolyglotException: SyntaxError: Unnamed:1:2 Expected => but found eof\r\n()\r\n  ^\n\n- org.graalvm.polyglot.Context.eval(Context.java:425)\n- com.intuit.karate.graal.JsEngine.evalForValue(JsEngine.java:169)\n- com.intuit.karate.graal.JsEngine.eval(JsEngine.java:165)\n- com.intuit.karate.core.ScenarioEngine.evalJs(ScenarioEngine.java:1286)\n- com.intuit.karate.core.ScenarioRuntime.evalConfigJs(ScenarioRuntime.java:296)\n- com.intuit.karate.core.ScenarioRuntime.beforeRun(ScenarioRuntime.java:371)\n- com.intuit.karate.core.ScenarioRuntime.run(ScenarioRuntime.java:390)\n\n- com.intuit.karate.graal.JsEngine.fromJsEvalException(JsEngine.java:253)\n- com.intuit.karate.core.ScenarioEngine.evalJs(ScenarioEngine.java:1288)\n- com.intuit.karate.core.ScenarioRuntime.evalConfigJs(ScenarioRuntime.java:296)\n- com.intuit.karate.core.ScenarioRuntime.beforeRun(ScenarioRuntime.java:371)\n- com.intuit.karate.core.ScenarioRuntime.run(ScenarioRuntime.java:390)\n- com.intuit.karate.core.FeatureRuntime.processScenario(FeatureRuntime.java:193)\n- java.base\/java.util.stream.ReferencePipeline$2$1.accept(ReferencePipeline.java:179)\n\nsrc\/test\/java\/com\/tests\/RunUIAutomationScriptInChrome.feature:10\nsrc\/test\/java\/com\/tests\/RunUIAutomationScriptInChrome.feature:12","executorName":"main","name":"Open Swag Labs login page in Chrome Scenario","startTime":1710606835709,"refId":"[1:11]","endTime":1710606835773,"exampleIndex":-1}],"callDepth":0,"name":"Open Swag Labs login page in Chrome Feature","description":"","resultDate":"2024-03-16 10:03:55 pm","durationMillis":0.0,"passedCount":0}